
> lifelink-backend@1.0.0 dev
> node server.js

⚠️ Local MongoDB connection failed: connect ECONNREFUSED 127.0.0.1:27017, connect ECONNREFUSED ::1:27017
🔄 Falling back to in-memory MongoDB (mongodb-memory-server) for demonstration purposes...
✅ In-Memory MongoDB Connected: 127.0.0.1
🌱 Database is empty. Running auto-seed for demonstration...
✅ Connected to MongoDB
🗑️  Cleared existing data
👤 Admin user created (admin@lifelink.com / admin123)
🩸 40 donors created
📋 15 blood requests created

    ╔══════════════════════════════════════════╗
    ║                                          ║
    ║   🩸 LifeLink Database Seeded!           ║
    ║                                          ║
    ║   Donors: 40                            ║
    ║   Requests: 15                          ║
    ║   Admin: admin@lifelink.com / admin123   ║
    ║                                          ║
    ╚══════════════════════════════════════════╝
    

    ╔══════════════════════════════════════════╗
    ║                                          ║
    ║   🩸 LifeLink API Server                 ║
    ║   Running on port 5001                    ║
    ║   Environment: development            ║
    ║                                          ║
    ║   API: http://localhost:5001/api          ║
    ║                                          ║
    ╚══════════════════════════════════════════╝
    
[2026-04-25T11:35:16.728Z] GET /api/analytics
[2026-04-25T11:35:16.730Z] GET /api/analytics
[2026-04-25T11:35:46.773Z] GET /api/analytics
[2026-04-25T11:35:53.743Z] GET /api/analytics
[2026-04-25T11:35:53.745Z] GET /api/analytics
[2026-04-25T11:36:07.789Z] POST /api/users/login
[2026-04-25T11:36:08.061Z] GET /api/analytics
[2026-04-25T11:36:08.062Z] GET /api/analytics
[2026-04-25T11:36:16.070Z] GET /api/requests?limit=50
[2026-04-25T11:36:16.073Z] GET /api/requests?limit=50
[2026-04-25T11:36:16.076Z] GET /api/analytics
[2026-04-25T11:36:23.026Z] GET /api/analytics
[2026-04-25T11:36:23.027Z] GET /api/analytics
[2026-04-25T11:37:57.746Z] POST /api/donors
[2026-04-25T11:38:17.322Z] GET /api/requests?limit=20
[2026-04-25T11:38:17.324Z] GET /api/requests?limit=20
[2026-04-25T11:38:20.677Z] PATCH /api/requests/69eca6c80bb5ae371f7fa369/accept
[2026-04-25T11:38:20.693Z] GET /api/requests?limit=20
[2026-04-25T11:38:38.592Z] GET /api/donors/emergency/B%2B
[2026-04-25T11:38:47.387Z] GET /api/requests?limit=20
[2026-04-25T11:38:47.389Z] GET /api/requests?limit=20
[2026-04-25T11:39:00.662Z] POST /api/users/login
[2026-04-25T11:39:00.910Z] GET /api/analytics
[2026-04-25T11:39:00.911Z] GET /api/analytics
[2026-04-25T11:39:16.846Z] GET /api/analytics
[2026-04-25T11:39:16.847Z] GET /api/analytics
[2026-04-25T11:39:22.025Z] GET /api/donors/emergency/AB-
[2026-04-25T11:39:30.091Z] GET /api/donors/emergency/AB-?city=bangalore%20
[2026-04-25T11:39:43.080Z] GET /api/donors/emergency/AB-?city=bangalore%20
[2026-04-25T11:39:58.095Z] GET /api/donors/emergency/AB-?city=bangalore%20
[2026-04-25T11:40:13.097Z] GET /api/donors/emergency/AB-?city=bangalore%20
[2026-04-25T11:40:28.191Z] GET /api/donors/emergency/AB-?city=bangalore%20
[2026-04-25T11:40:43.248Z] GET /api/donors/emergency/AB-?city=bangalore%20
[2026-04-25T11:40:58.340Z] GET /api/donors/emergency/AB-?city=bangalore%20
